#
# There is insufficient memory for the Java Runtime Environment to continue.
# Native memory allocation (malloc) failed to allocate 32744 bytes for ChunkPool::allocate
# Possible reasons:
#   The system is out of physical RAM or swap space
#   In 32 bit mode, the process size limit was hit
# Possible solutions:
#   Reduce memory load on the system
#   Increase physical memory or swap space
#   Check if swap backing store is full
#   Use 64 bit Java on a 64 bit OS
#   Decrease Java heap size (-Xmx/-Xms)
#   Decrease number of Java threads
#   Decrease Java thread stack sizes (-Xss)
#   Set larger code cache with -XX:ReservedCodeCacheSize=
# This output file may be truncated or incomplete.
#
#  Out of Memory Error (allocation.cpp:273), pid=2756, tid=4336
#
# JRE version: Java(TM) SE Runtime Environment (8.0_73-b02) (build 1.8.0_73-b02)
# Java VM: Java HotSpot(TM) 64-Bit Server VM (25.73-b02 mixed mode windows-amd64 compressed oops)
# Failed to write core dump. Minidumps are not enabled by default on client versions of Windows
#

---------------  T H R E A D  ---------------

Current thread (0x0000000054d43000):  JavaThread "C2 CompilerThread0" daemon [_thread_in_native, id=4336, stack(0x00000000560e0000,0x00000000561e0000)]

Stack: [0x00000000560e0000,0x00000000561e0000]
[error occurred during error reporting (printing stack bounds), id 0xc0000005]

Native frames: (J=compiled Java code, j=interpreted, Vv=VM code, C=native code)


Current CompileTask:
C2:   3559  499   !   4      
[error occurred during error reporting (printing current compile task), id 0xe0000001]


---------------  P R O C E S S  ---------------

Java Threads: ( => current thread )
  0x00000000567ab800 JavaThread "Timer-0" [_thread_blocked, id=3720, stack(0x0000000059610000,0x0000000059710000)]
  0x0000000058c1f000 JavaThread "Image Fetcher 1" daemon [_thread_blocked, id=5740, stack(0x0000000059450000,0x0000000059550000)]
  0x0000000056790800 JavaThread "Image Fetcher 3" daemon [_thread_blocked, id=4596, stack(0x0000000056d50000,0x0000000056e50000)]
  0x00000000000fd800 JavaThread "DestroyJavaVM" [_thread_blocked, id=856, stack(0x0000000002510000,0x0000000002610000)]
  0x00000000566da000 JavaThread "AWT-EventQueue-0" [_thread_blocked, id=2700, stack(0x0000000056fd0000,0x00000000570d0000)]
  0x00000000566cf800 JavaThread "AWT-Windows" daemon [_thread_in_native, id=5376, stack(0x0000000056ea0000,0x0000000056fa0000)]
  0x00000000566ce800 JavaThread "AWT-Shutdown" [_thread_blocked, id=1244, stack(0x0000000056c00000,0x0000000056d00000)]
  0x00000000566cd800 JavaThread "Java2D Disposer" daemon [_thread_blocked, id=5892, stack(0x0000000056a20000,0x0000000056b20000)]
  0x00000000563f0800 JavaThread "Service Thread" daemon [_thread_blocked, id=2460, stack(0x0000000055a70000,0x0000000055b70000)]
  0x0000000054d4b000 JavaThread "C1 CompilerThread1" daemon [_thread_blocked, id=5844, stack(0x00000000562d0000,0x00000000563d0000)]
=>0x0000000054d43000 JavaThread "C2 CompilerThread0" daemon [_thread_in_native, id=4336, stack(0x00000000560e0000,0x00000000561e0000)]
  0x0000000054d52000 JavaThread "Attach Listener" daemon [_thread_blocked, id=4492, stack(0x0000000055ee0000,0x0000000055fe0000)]
  0x0000000054d50800 JavaThread "Signal Dispatcher" daemon [_thread_blocked, id=4312, stack(0x0000000055da0000,0x0000000055ea0000)]
  0x0000000054ceb800 JavaThread "Finalizer" daemon [_thread_blocked, id=4556, stack(0x0000000055be0000,0x0000000055ce0000)]
  0x0000000054ce2800 JavaThread "Reference Handler" daemon [_thread_blocked, id=5788, stack(0x0000000055770000,0x0000000055870000)]

Other Threads:
  0x0000000054cdc800 VMThread [stack: 0x0000000055930000,0x0000000055a30000] [id=5620]
  0x00000000563f6000 WatcherThread [stack: 0x0000000056900000,0x0000000056a00000] [id=3784]

VM state:not at safepoint (normal execution)

VM Mutex/Monitor currently owned by a thread: None

Heap:
 PSYoungGen      total 18944K, used 11291K [0x00000000eab00000, 0x00000000ec000000, 0x0000000100000000)
  eden space 16384K, 68% used [0x00000000eab00000,0x00000000eb606e10,0x00000000ebb00000)
  from space 2560K, 0% used [0x00000000ebd80000,0x00000000ebd80000,0x00000000ec000000)
  to   space 2560K, 0% used [0x00000000ebb00000,0x00000000ebb00000,0x00000000ebd80000)
 ParOldGen       total 44032K, used 0K [0x00000000c0000000, 0x00000000c2b00000, 0x00000000eab00000)
  object space 44032K, 0% used [0x00000000c0000000,0x00000000c0000000,0x00000000c2b00000)
 Metaspace       used 8879K, capacity 9072K, committed 9344K, reserved 1056768K
  class space    used 1049K, capacity 1124K, committed 1152K, reserved 1048576K

Card table byte_map: [0x0000000011ca0000,0x0000000011eb0000] byte_map_base: 0x00000000116a0000

Marking Bits: (ParMarkBitMap*) 0x00000000623f0600
 Begin Bits: [0x00000000121b0000, 0x00000000131b0000)
 End Bits:   [0x00000000131b0000, 0x00000000141b0000)

Polling page: 0x0000000000350000

CodeCache: size=245760Kb used=2188Kb max_used=2197Kb free=243571Kb
 bounds [0x00000000028e0000, 0x0000000002b50000, 0x00000000118e0000]
 total_blobs=938 nmethods=499 adapters=354
 compilation: enabled

Compilation events (10 events):
Event: 3.125 Thread 0x0000000054d4b000 nmethod 494 0x0000000002b03090 code [0x0000000002b03200, 0x0000000002b03470]
Event: 3.125 Thread 0x0000000054d4b000  495       3       java.awt.geom.Rectangle2D::<init> (5 bytes)
Event: 3.125 Thread 0x0000000054d4b000 nmethod 495 0x0000000002b02c50 code [0x0000000002b02dc0, 0x0000000002b02fd0]
Event: 3.127 Thread 0x0000000054d43000  496       4       sun.java2d.StateTrackableDelegate$1::isCurrent (17 bytes)
Event: 3.129 Thread 0x0000000054d43000 nmethod 496 0x0000000002af6890 code [0x0000000002af69c0, 0x0000000002af6a38]
Event: 3.225 Thread 0x0000000054d4b000  497       1       java.awt.Component::getWidth (5 bytes)
Event: 3.225 Thread 0x0000000054d4b000 nmethod 497 0x0000000002b02990 code [0x0000000002b02ae0, 0x0000000002b02bf0]
Event: 3.225 Thread 0x0000000054d4b000  498       1       java.awt.Component::getHeight (5 bytes)
Event: 3.225 Thread 0x0000000054d4b000 nmethod 498 0x0000000002b026d0 code [0x0000000002b02820, 0x0000000002b02930]
Event: 3.226 Thread 0x0000000054d43000  499   !   4       sun.java2d.SunGraphics2D::drawImage (197 bytes)

GC Heap History (0 events):
No events

Deoptimization events (1 events):
Event: 0.673 Thread 0x00000000566da000 Uncommon trap: reason=null_check action=make_not_entrant pc=0x0000000002a5ada8 method=java.lang.String.equals(Ljava/lang/Object;)Z @ 8

Internal exceptions (10 events):
Event: 0.229 Thread 0x00000000000fd800 Exception <a 'java/security/PrivilegedActionException'> (0x00000000eabcfb60) thrown at [D:\re\puppet\workspace\8-2-build-windows-amd64-cygwin\jdk8u73\6086\hotspot\src\share\vm\prims\jvm.cpp, line 1386]
Event: 0.229 Thread 0x00000000000fd800 Exception <a 'java/security/PrivilegedActionException'> (0x00000000eabcfd70) thrown at [D:\re\puppet\workspace\8-2-build-windows-amd64-cygwin\jdk8u73\6086\hotspot\src\share\vm\prims\jvm.cpp, line 1386]
Event: 0.230 Thread 0x00000000000fd800 Exception <a 'java/security/PrivilegedActionException'> (0x00000000eabd3bb8) thrown at [D:\re\puppet\workspace\8-2-build-windows-amd64-cygwin\jdk8u73\6086\hotspot\src\share\vm\prims\jvm.cpp, line 1386]
Event: 0.230 Thread 0x00000000000fd800 Exception <a 'java/security/PrivilegedActionException'> (0x00000000eabd3dc8) thrown at [D:\re\puppet\workspace\8-2-build-windows-amd64-cygwin\jdk8u73\6086\hotspot\src\share\vm\prims\jvm.cpp, line 1386]
Event: 0.235 Thread 0x00000000000fd800 Exception <a 'java/io/FileNotFoundException'> (0x00000000eabd6390) thrown at [D:\re\puppet\workspace\8-2-build-windows-amd64-cygwin\jdk8u73\6086\hotspot\src\share\vm\prims\jni.cpp, line 709]
Event: 0.289 Thread 0x00000000000fd800 Exception <a 'java/lang/NoSuchFieldError': method resolution failed> (0x00000000eacf5f00) thrown at [D:\re\puppet\workspace\8-2-build-windows-amd64-cygwin\jdk8u73\6086\hotspot\src\share\vm\prims\methodHandles.cpp, line 1146]
Event: 0.300 Thread 0x00000000000fd800 Exception <a 'java/lang/NoSuchFieldError': method resolution failed> (0x00000000ead032d0) thrown at [D:\re\puppet\workspace\8-2-build-windows-amd64-cygwin\jdk8u73\6086\hotspot\src\share\vm\prims\methodHandles.cpp, line 1146]
Event: 0.473 Thread 0x00000000566da000 Exception <a 'java/io/FileNotFoundException'> (0x00000000eae56850) thrown at [D:\re\puppet\workspace\8-2-build-windows-amd64-cygwin\jdk8u73\6086\hotspot\src\share\vm\prims\jni.cpp, line 709]
Event: 0.673 Thread 0x00000000566da000 Implicit null exception at 0x0000000002a5abd2 to 0x0000000002a5ad99
Event: 0.996 Thread 0x0000000056790800 Exception <a 'java/lang/InterruptedException': sleep interrupted> (0x00000000eb1c3668) thrown at [D:\re\puppet\workspace\8-2-build-windows-amd64-cygwin\jdk8u73\6086\hotspot\src\share\vm\prims\jvm.cpp, line 3167]

Events (10 events):
Event: 1.853 Thread 0x0000000056790800 DEOPT PACKING pc=0x0000000002aa793b sp=0x0000000056e4ef00
Event: 1.853 Thread 0x0000000056790800 DEOPT UNPACKING pc=0x00000000029271bf sp=0x0000000056e4ec28 mode 0
Event: 1.855 Thread 0x0000000056790800 DEOPT PACKING pc=0x0000000002aa7815 sp=0x0000000056e4ef00
Event: 1.855 Thread 0x0000000056790800 DEOPT UNPACKING pc=0x00000000029271bf sp=0x0000000056e4ec28 mode 0
Event: 1.856 Thread 0x0000000056790800 DEOPT PACKING pc=0x0000000002aa793b sp=0x0000000056e4ef00
Event: 1.856 Thread 0x0000000056790800 DEOPT UNPACKING pc=0x00000000029271bf sp=0x0000000056e4ec28 mode 0
Event: 1.857 Thread 0x0000000056790800 DEOPT PACKING pc=0x0000000002aa7815 sp=0x0000000056e4ef00
Event: 1.857 Thread 0x0000000056790800 DEOPT UNPACKING pc=0x00000000029271bf sp=0x0000000056e4ec28 mode 0
Event: 1.858 Thread 0x0000000056790800 DEOPT PACKING pc=0x0000000002aa793b sp=0x0000000056e4ef00
Event: 1.858 Thread 0x0000000056790800 DEOPT UNPACKING pc=0x00000000029271bf sp=0x0000000056e4ec28 mode 0


Dynamic libraries:
0x000000013f870000 - 0x000000013f8a7000 	C:\Program Files\Java\jdk1.8.0_73\bin\java.exe
0x0000000077730000 - 0x00000000778d9000 	C:\Windows\SYSTEM32\ntdll.dll
0x0000000077610000 - 0x000000007772f000 	C:\Windows\system32\kernel32.dll
0x000007fefd830000 - 0x000007fefd89c000 	C:\Windows\system32\KERNELBASE.dll
0x000007feff0e0000 - 0x000007feff1bb000 	C:\Windows\system32\ADVAPI32.dll
0x000007fefebc0000 - 0x000007fefec5f000 	C:\Windows\system32\msvcrt.dll
0x000007feff0c0000 - 0x000007feff0df000 	C:\Windows\SYSTEM32\sechost.dll
0x000007fefea10000 - 0x000007fefeb3d000 	C:\Windows\system32\RPCRT4.dll
0x0000000077510000 - 0x000000007760a000 	C:\Windows\system32\USER32.dll
0x000007feff4b0000 - 0x000007feff517000 	C:\Windows\system32\GDI32.dll
0x000007fefeeb0000 - 0x000007fefeebe000 	C:\Windows\system32\LPK.dll
0x000007feff3d0000 - 0x000007feff499000 	C:\Windows\system32\USP10.dll
0x000007fefbf30000 - 0x000007fefc124000 	C:\Windows\WinSxS\amd64_microsoft.windows.common-controls_6595b64144ccf1df_6.0.7601.17514_none_fa396087175ac9ac\COMCTL32.dll
0x000007fefeb40000 - 0x000007fefebb1000 	C:\Windows\system32\SHLWAPI.dll
0x000007fefe9e0000 - 0x000007fefea0e000 	C:\Windows\system32\IMM32.DLL
0x000007fefd9b0000 - 0x000007fefdab9000 	C:\Windows\system32\MSCTF.dll
0x0000000063a00000 - 0x0000000063ad2000 	C:\Program Files\Java\jdk1.8.0_73\jre\bin\msvcr100.dll
0x0000000061be0000 - 0x0000000062470000 	C:\Program Files\Java\jdk1.8.0_73\jre\bin\server\jvm.dll
0x000007fefbe30000 - 0x000007fefbe39000 	C:\Windows\system32\WSOCK32.dll
0x000007feff9f0000 - 0x000007feffa3d000 	C:\Windows\system32\WS2_32.dll
0x000007feff4a0000 - 0x000007feff4a8000 	C:\Windows\system32\NSI.dll
0x000007fefb470000 - 0x000007fefb4ab000 	C:\Windows\system32\WINMM.dll
0x000007fefc5c0000 - 0x000007fefc5cc000 	C:\Windows\system32\VERSION.dll
0x00000000778f0000 - 0x00000000778f7000 	C:\Windows\system32\PSAPI.DLL
0x0000000072430000 - 0x000000007243f000 	C:\Program Files\Java\jdk1.8.0_73\jre\bin\verify.dll
0x0000000065140000 - 0x0000000065169000 	C:\Program Files\Java\jdk1.8.0_73\jre\bin\java.dll
0x0000000064f80000 - 0x0000000064f96000 	C:\Program Files\Java\jdk1.8.0_73\jre\bin\zip.dll
0x000007fefdc50000 - 0x000007fefe9d9000 	C:\Windows\system32\SHELL32.dll
0x000007feff1c0000 - 0x000007feff3c3000 	C:\Windows\system32\ole32.dll
0x000007fefd500000 - 0x000007fefd50f000 	C:\Windows\system32\profapi.dll
0x0000000062b60000 - 0x0000000062cf8000 	C:\Program Files\Java\jdk1.8.0_73\jre\bin\awt.dll
0x000007fefef40000 - 0x000007feff017000 	C:\Windows\system32\OLEAUT32.dll
0x000007fefd350000 - 0x000007fefd35f000 	C:\Windows\system32\CRYPTBASE.dll
0x000007fefb600000 - 0x000007fefb618000 	C:\Windows\system32\DWMAPI.DLL
0x000007fef1020000 - 0x000007fef121f000 	C:\Windows\system32\d3d9.dll
0x000007fef1d00000 - 0x000007fef1d07000 	C:\Windows\system32\d3d8thk.dll
0x000007fee2220000 - 0x000007fee32d6000 	C:\Windows\system32\nvd3dumx.dll
0x000007fefbcf0000 - 0x000007fefbd1c000 	C:\Windows\system32\powrprof.dll
0x000007feff7f0000 - 0x000007feff9c7000 	C:\Windows\system32\SETUPAPI.dll
0x000007fefd710000 - 0x000007fefd746000 	C:\Windows\system32\CFGMGR32.dll
0x000007fefd770000 - 0x000007fefd78a000 	C:\Windows\system32\DEVOBJ.dll
0x0000000063b70000 - 0x0000000063bb7000 	C:\Program Files\Java\jdk1.8.0_73\jre\bin\fontmanager.dll
0x0000000063990000 - 0x00000000639c1000 	C:\Program Files\Java\jdk1.8.0_73\jre\bin\jpeg.dll

VM Arguments:
jvm_args: -Dfile.encoding=UTF-8 
java_command: GameModel.Main
java_class_path (initial): C:\Users\druidic\Desktop\POOGame\build\classes
Launcher Type: SUN_STANDARD

Environment Variables:
PATH=C:\ProgramData\Oracle\Java\javapath;C:\Windows\system32;C:\Windows;C:\Windows\System32\Wbem;C:\Windows\System32\WindowsPowerShell\v1.0\;C:\Program Files (x86)\Skype\Phone\;C:\Users\druidic\AppData\Local\atom\bin
USERNAME=druidic
OS=Windows_NT
PROCESSOR_IDENTIFIER=Intel64 Family 6 Model 23 Stepping 6, GenuineIntel



---------------  S Y S T E M  ---------------

OS: Windows 7 , 64 bit Build 7601 (6.1.7601.18409)

CPU:total 2 (2 cores per cpu, 1 threads per core) family 6 model 23 stepping 6, cmov, cx8, fxsr, mmx, sse, sse2, sse3, ssse3, sse4.1, tsc

Memory: 4k page, physical 4192216k(813688k free), swap 4599960k(5112k free)

vm_info: Java HotSpot(TM) 64-Bit Server VM (25.73-b02) for windows-amd64 JRE (1.8.0_73-b02), built on Jan 29 2016 17:38:49 by "java_re" with MS VC++ 10.0 (VS2010)

time: Fri Apr 22 13:10:16 2016
elapsed time: 3 seconds (0d 0h 0m 3s)

