#
# There is insufficient memory for the Java Runtime Environment to continue.
# Native memory allocation (malloc) failed to allocate 170256 bytes for Chunk::new
# Possible reasons:
#   The system is out of physical RAM or swap space
#   In 32 bit mode, the process size limit was hit
# Possible solutions:
#   Reduce memory load on the system
#   Increase physical memory or swap space
#   Check if swap backing store is full
#   Use 64 bit Java on a 64 bit OS
#   Decrease Java heap size (-Xmx/-Xms)
#   Decrease number of Java threads
#   Decrease Java thread stack sizes (-Xss)
#   Set larger code cache with -XX:ReservedCodeCacheSize=
# This output file may be truncated or incomplete.
#
#  Out of Memory Error (allocation.cpp:390), pid=4180, tid=5936
#
# JRE version: Java(TM) SE Runtime Environment (8.0_73-b02) (build 1.8.0_73-b02)
# Java VM: Java HotSpot(TM) 64-Bit Server VM (25.73-b02 mixed mode windows-amd64 compressed oops)
# Failed to write core dump. Minidumps are not enabled by default on client versions of Windows
#

---------------  T H R E A D  ---------------

Current thread (0x0000000054ef3000):  JavaThread "C2 CompilerThread0" daemon [_thread_in_native, id=5936, stack(0x0000000055eb0000,0x0000000055fb0000)]

Stack: [0x0000000055eb0000,0x0000000055fb0000]
[error occurred during error reporting (printing stack bounds), id 0xc0000005]

Native frames: (J=compiled Java code, j=interpreted, Vv=VM code, C=native code)


Current CompileTask:
C2:   5948  516   !   4       sun.java2d.SunGraphics2D::drawImage (197 bytes)


---------------  P R O C E S S  ---------------

Java Threads: ( => current thread )
  0x00000000565d4800 JavaThread "Timer-0" [_thread_blocked, id=2700, stack(0x00000000594d0000,0x00000000595d0000)]
  0x00000000565df800 JavaThread "Image Animator 0" daemon [_thread_blocked, id=1244, stack(0x0000000059350000,0x0000000059450000)]
  0x00000000565a6800 JavaThread "Image Fetcher 3" daemon [_thread_blocked, id=5892, stack(0x0000000059150000,0x0000000059250000)]
  0x000000000231d800 JavaThread "DestroyJavaVM" [_thread_blocked, id=5256, stack(0x0000000002380000,0x0000000002480000)]
  0x00000000564ba000 JavaThread "AWT-EventQueue-0" [_thread_blocked, id=5844, stack(0x00000000569a0000,0x0000000056aa0000)]
  0x0000000056527800 JavaThread "AWT-Windows" daemon [_thread_in_native, id=4336, stack(0x0000000056ac0000,0x0000000056bc0000)]
  0x0000000056526800 JavaThread "AWT-Shutdown" [_thread_blocked, id=4492, stack(0x0000000056870000,0x0000000056970000)]
  0x0000000056526000 JavaThread "Java2D Disposer" daemon [_thread_blocked, id=4312, stack(0x0000000056630000,0x0000000056730000)]
  0x0000000054f5e800 JavaThread "Service Thread" daemon [_thread_blocked, id=5620, stack(0x0000000055fb0000,0x00000000560b0000)]
  0x0000000054efa800 JavaThread "C1 CompilerThread1" daemon [_thread_blocked, id=3252, stack(0x00000000560e0000,0x00000000561e0000)]
=>0x0000000054ef3000 JavaThread "C2 CompilerThread0" daemon [_thread_in_native, id=5936, stack(0x0000000055eb0000,0x0000000055fb0000)]
  0x0000000054f02000 JavaThread "Attach Listener" daemon [_thread_blocked, id=3096, stack(0x0000000055b80000,0x0000000055c80000)]
  0x0000000054f00800 JavaThread "Signal Dispatcher" daemon [_thread_blocked, id=5484, stack(0x0000000055c80000,0x0000000055d80000)]
  0x0000000054e9b800 JavaThread "Finalizer" daemon [_thread_blocked, id=4136, stack(0x0000000055a50000,0x0000000055b50000)]
  0x0000000054e92800 JavaThread "Reference Handler" daemon [_thread_blocked, id=3332, stack(0x0000000055820000,0x0000000055920000)]

Other Threads:
  0x0000000054e8c800 VMThread [stack: 0x00000000556f0000,0x00000000557f0000] [id=2052]
  0x0000000056209000 WatcherThread [stack: 0x0000000056760000,0x0000000056860000] [id=4556]

VM state:not at safepoint (normal execution)

VM Mutex/Monitor currently owned by a thread: None

Heap:
 PSYoungGen      total 18944K, used 10968K [0x00000000eab00000, 0x00000000ec000000, 0x0000000100000000)
  eden space 16384K, 66% used [0x00000000eab00000,0x00000000eb5b61c0,0x00000000ebb00000)
  from space 2560K, 0% used [0x00000000ebd80000,0x00000000ebd80000,0x00000000ec000000)
  to   space 2560K, 0% used [0x00000000ebb00000,0x00000000ebb00000,0x00000000ebd80000)
 ParOldGen       total 44032K, used 0K [0x00000000c0000000, 0x00000000c2b00000, 0x00000000eab00000)
  object space 44032K, 0% used [0x00000000c0000000,0x00000000c0000000,0x00000000c2b00000)
 Metaspace       used 8898K, capacity 9072K, committed 9344K, reserved 1056768K
  class space    used 1049K, capacity 1124K, committed 1152K, reserved 1048576K

Card table byte_map: [0x0000000011b10000,0x0000000011d20000] byte_map_base: 0x0000000011510000

Marking Bits: (ParMarkBitMap*) 0x00000000623f0600
 Begin Bits: [0x0000000012360000, 0x0000000013360000)
 End Bits:   [0x0000000013360000, 0x0000000014360000)

Polling page: 0x0000000000430000

CodeCache: size=245760Kb used=2252Kb max_used=2266Kb free=243507Kb
 bounds [0x0000000002750000, 0x00000000029c0000, 0x0000000011750000]
 total_blobs=954 nmethods=515 adapters=354
 compilation: enabled

Compilation events (10 events):
Event: 5.720 Thread 0x0000000054efa800 nmethod 511 0x000000000297c390 code [0x000000000297c500, 0x000000000297c770]
Event: 5.720 Thread 0x0000000054efa800  512       3       java.awt.geom.Rectangle2D::<init> (5 bytes)
Event: 5.721 Thread 0x0000000054efa800 nmethod 512 0x000000000297dc90 code [0x000000000297de00, 0x000000000297e010]
Event: 5.721 Thread 0x0000000054efa800  513       1       java.awt.Component::getWidth (5 bytes)
Event: 5.721 Thread 0x0000000054efa800 nmethod 513 0x000000000297d9d0 code [0x000000000297db20, 0x000000000297dc30]
Event: 5.721 Thread 0x0000000054efa800  514       1       java.awt.Component::getHeight (5 bytes)
Event: 5.721 Thread 0x0000000054efa800 nmethod 514 0x000000000297d710 code [0x000000000297d860, 0x000000000297d970]
Event: 5.821 Thread 0x0000000054ef3000  515       4       java.awt.image.BufferedImage::getWidth (8 bytes)
Event: 5.823 Thread 0x0000000054ef3000 nmethod 515 0x000000000297d510 code [0x000000000297d640, 0x000000000297d698]
Event: 5.823 Thread 0x0000000054ef3000  516   !   4       sun.java2d.SunGraphics2D::drawImage (197 bytes)

GC Heap History (0 events):
No events

Deoptimization events (1 events):
Event: 2.199 Thread 0x00000000564ba000 Uncommon trap: reason=null_check action=make_not_entrant pc=0x00000000028bb5a8 method=java.lang.String.equals(Ljava/lang/Object;)Z @ 8

Internal exceptions (10 events):
Event: 0.965 Thread 0x000000000231d800 Exception <a 'java/security/PrivilegedActionException'> (0x00000000eabcfb60) thrown at [D:\re\puppet\workspace\8-2-build-windows-amd64-cygwin\jdk8u73\6086\hotspot\src\share\vm\prims\jvm.cpp, line 1386]
Event: 0.965 Thread 0x000000000231d800 Exception <a 'java/security/PrivilegedActionException'> (0x00000000eabcfd70) thrown at [D:\re\puppet\workspace\8-2-build-windows-amd64-cygwin\jdk8u73\6086\hotspot\src\share\vm\prims\jvm.cpp, line 1386]
Event: 0.969 Thread 0x000000000231d800 Exception <a 'java/security/PrivilegedActionException'> (0x00000000eabd3bb8) thrown at [D:\re\puppet\workspace\8-2-build-windows-amd64-cygwin\jdk8u73\6086\hotspot\src\share\vm\prims\jvm.cpp, line 1386]
Event: 0.969 Thread 0x000000000231d800 Exception <a 'java/security/PrivilegedActionException'> (0x00000000eabd3dc8) thrown at [D:\re\puppet\workspace\8-2-build-windows-amd64-cygwin\jdk8u73\6086\hotspot\src\share\vm\prims\jvm.cpp, line 1386]
Event: 0.986 Thread 0x000000000231d800 Exception <a 'java/io/FileNotFoundException'> (0x00000000eabd6390) thrown at [D:\re\puppet\workspace\8-2-build-windows-amd64-cygwin\jdk8u73\6086\hotspot\src\share\vm\prims\jni.cpp, line 709]
Event: 1.111 Thread 0x000000000231d800 Exception <a 'java/lang/NoSuchFieldError': method resolution failed> (0x00000000eacf5f00) thrown at [D:\re\puppet\workspace\8-2-build-windows-amd64-cygwin\jdk8u73\6086\hotspot\src\share\vm\prims\methodHandles.cpp, line 1146]
Event: 1.113 Thread 0x000000000231d800 Exception <a 'java/lang/NoSuchFieldError': method resolution failed> (0x00000000ead032d0) thrown at [D:\re\puppet\workspace\8-2-build-windows-amd64-cygwin\jdk8u73\6086\hotspot\src\share\vm\prims\methodHandles.cpp, line 1146]
Event: 1.794 Thread 0x00000000564ba000 Exception <a 'java/io/FileNotFoundException'> (0x00000000eae56bb8) thrown at [D:\re\puppet\workspace\8-2-build-windows-amd64-cygwin\jdk8u73\6086\hotspot\src\share\vm\prims\jni.cpp, line 709]
Event: 2.199 Thread 0x00000000564ba000 Implicit null exception at 0x00000000028bb3d2 to 0x00000000028bb599
Event: 3.309 Thread 0x00000000565a6800 Exception <a 'java/lang/InterruptedException': sleep interrupted> (0x00000000eb1c39a0) thrown at [D:\re\puppet\workspace\8-2-build-windows-amd64-cygwin\jdk8u73\6086\hotspot\src\share\vm\prims\jvm.cpp, line 3167]

Events (10 events):
Event: 3.660 loading class java/util/concurrent/locks/LockSupport
Event: 3.660 loading class java/util/concurrent/locks/LockSupport done
Event: 4.435 Thread 0x00000000565a6800 DEOPT PACKING pc=0x0000000002908155 sp=0x000000005924edc0
Event: 4.435 Thread 0x00000000565a6800 DEOPT UNPACKING pc=0x00000000027971bf sp=0x000000005924eae8 mode 0
Event: 4.439 Thread 0x00000000565a6800 DEOPT PACKING pc=0x0000000002908155 sp=0x000000005924edc0
Event: 4.439 Thread 0x00000000565a6800 DEOPT UNPACKING pc=0x00000000027971bf sp=0x000000005924eae8 mode 0
Event: 4.782 Executing VM operation: EnableBiasedLocking
Event: 4.783 Executing VM operation: EnableBiasedLocking done
Event: 4.999 Thread 0x00000000565df800 DEOPT PACKING pc=0x0000000002915c14 sp=0x000000005944e860
Event: 4.999 Thread 0x00000000565df800 DEOPT UNPACKING pc=0x00000000027971bf sp=0x000000005944e5b8 mode 0


Dynamic libraries:
0x000000013fa00000 - 0x000000013fa37000 	C:\Program Files\Java\jdk1.8.0_73\bin\java.exe
0x0000000077730000 - 0x00000000778d9000 	C:\Windows\SYSTEM32\ntdll.dll
0x0000000077610000 - 0x000000007772f000 	C:\Windows\system32\kernel32.dll
0x000007fefd830000 - 0x000007fefd89c000 	C:\Windows\system32\KERNELBASE.dll
0x000007feff0e0000 - 0x000007feff1bb000 	C:\Windows\system32\ADVAPI32.dll
0x000007fefebc0000 - 0x000007fefec5f000 	C:\Windows\system32\msvcrt.dll
0x000007feff0c0000 - 0x000007feff0df000 	C:\Windows\SYSTEM32\sechost.dll
0x000007fefea10000 - 0x000007fefeb3d000 	C:\Windows\system32\RPCRT4.dll
0x0000000077510000 - 0x000000007760a000 	C:\Windows\system32\USER32.dll
0x000007feff4b0000 - 0x000007feff517000 	C:\Windows\system32\GDI32.dll
0x000007fefeeb0000 - 0x000007fefeebe000 	C:\Windows\system32\LPK.dll
0x000007feff3d0000 - 0x000007feff499000 	C:\Windows\system32\USP10.dll
0x000007fefbf30000 - 0x000007fefc124000 	C:\Windows\WinSxS\amd64_microsoft.windows.common-controls_6595b64144ccf1df_6.0.7601.17514_none_fa396087175ac9ac\COMCTL32.dll
0x000007fefeb40000 - 0x000007fefebb1000 	C:\Windows\system32\SHLWAPI.dll
0x000007fefe9e0000 - 0x000007fefea0e000 	C:\Windows\system32\IMM32.DLL
0x000007fefd9b0000 - 0x000007fefdab9000 	C:\Windows\system32\MSCTF.dll
0x0000000063a00000 - 0x0000000063ad2000 	C:\Program Files\Java\jdk1.8.0_73\jre\bin\msvcr100.dll
0x0000000061be0000 - 0x0000000062470000 	C:\Program Files\Java\jdk1.8.0_73\jre\bin\server\jvm.dll
0x000007fefbe30000 - 0x000007fefbe39000 	C:\Windows\system32\WSOCK32.dll
0x000007feff9f0000 - 0x000007feffa3d000 	C:\Windows\system32\WS2_32.dll
0x000007feff4a0000 - 0x000007feff4a8000 	C:\Windows\system32\NSI.dll
0x000007fefb470000 - 0x000007fefb4ab000 	C:\Windows\system32\WINMM.dll
0x000007fefc5c0000 - 0x000007fefc5cc000 	C:\Windows\system32\VERSION.dll
0x00000000778f0000 - 0x00000000778f7000 	C:\Windows\system32\PSAPI.DLL
0x0000000072430000 - 0x000000007243f000 	C:\Program Files\Java\jdk1.8.0_73\jre\bin\verify.dll
0x0000000065140000 - 0x0000000065169000 	C:\Program Files\Java\jdk1.8.0_73\jre\bin\java.dll
0x0000000064f80000 - 0x0000000064f96000 	C:\Program Files\Java\jdk1.8.0_73\jre\bin\zip.dll
0x000007fefdc50000 - 0x000007fefe9d9000 	C:\Windows\system32\SHELL32.dll
0x000007feff1c0000 - 0x000007feff3c3000 	C:\Windows\system32\ole32.dll
0x000007fefd500000 - 0x000007fefd50f000 	C:\Windows\system32\profapi.dll
0x0000000062b60000 - 0x0000000062cf8000 	C:\Program Files\Java\jdk1.8.0_73\jre\bin\awt.dll
0x000007fefef40000 - 0x000007feff017000 	C:\Windows\system32\OLEAUT32.dll
0x000007fefd350000 - 0x000007fefd35f000 	C:\Windows\system32\CRYPTBASE.dll
0x000007fefb600000 - 0x000007fefb618000 	C:\Windows\system32\DWMAPI.DLL
0x000007fef1020000 - 0x000007fef121f000 	C:\Windows\system32\d3d9.dll
0x000007fef1d00000 - 0x000007fef1d07000 	C:\Windows\system32\d3d8thk.dll
0x000007fee2220000 - 0x000007fee32d6000 	C:\Windows\system32\nvd3dumx.dll
0x000007fefbcf0000 - 0x000007fefbd1c000 	C:\Windows\system32\powrprof.dll
0x000007feff7f0000 - 0x000007feff9c7000 	C:\Windows\system32\SETUPAPI.dll
0x000007fefd710000 - 0x000007fefd746000 	C:\Windows\system32\CFGMGR32.dll
0x000007fefd770000 - 0x000007fefd78a000 	C:\Windows\system32\DEVOBJ.dll
0x0000000063b70000 - 0x0000000063bb7000 	C:\Program Files\Java\jdk1.8.0_73\jre\bin\fontmanager.dll
0x0000000063990000 - 0x00000000639c1000 	C:\Program Files\Java\jdk1.8.0_73\jre\bin\jpeg.dll

VM Arguments:
jvm_args: -Dfile.encoding=UTF-8 
java_command: GameModel.Main
java_class_path (initial): C:\Users\druidic\Desktop\POOGame\build\classes
Launcher Type: SUN_STANDARD

Environment Variables:
PATH=C:\ProgramData\Oracle\Java\javapath;C:\Windows\system32;C:\Windows;C:\Windows\System32\Wbem;C:\Windows\System32\WindowsPowerShell\v1.0\;C:\Program Files (x86)\Skype\Phone\;C:\Users\druidic\AppData\Local\atom\bin
USERNAME=druidic
OS=Windows_NT
PROCESSOR_IDENTIFIER=Intel64 Family 6 Model 23 Stepping 6, GenuineIntel



---------------  S Y S T E M  ---------------

OS: Windows 7 , 64 bit Build 7601 (6.1.7601.18409)

CPU:total 2 (2 cores per cpu, 1 threads per core) family 6 model 23 stepping 6, cmov, cx8, fxsr, mmx, sse, sse2, sse3, ssse3, sse4.1, tsc

Memory: 4k page, physical 4192216k(820252k free), swap 4599960k(5152k free)

vm_info: Java HotSpot(TM) 64-Bit Server VM (25.73-b02) for windows-amd64 JRE (1.8.0_73-b02), built on Jan 29 2016 17:38:49 by "java_re" with MS VC++ 10.0 (VS2010)

time: Fri Apr 22 13:10:56 2016
elapsed time: 5 seconds (0d 0h 0m 5s)

